Job started: Sun May 17 02:42:12 PM IDT 2026
Host: hgn19.wexac.weizmann.ac.il
GPU: NVIDIA A40

------------------------------------------------------------
Sender: LSF System <DoNotReply>
Subject: Job 572526: <tabicl_q10> in cluster <wexac> Exited

Job <tabicl_q10> was submitted from host <login4> by user <talfis> in cluster <wexac> at Sun May 17 14:42:03 2026
Job was executed on host(s) <1*hgn19>, in queue <long-gpu>, as user <talfis> in cluster <wexac> at Sun May 17 14:42:05 2026
                            <3*hgn42>
</home/labs/ginossar/talfis> was used as the home directory.
</home/labs/ginossar/talfis/LiveImaging/Forecast> was used as the working directory.
Started at Sun May 17 14:42:05 2026
Terminated at Sun May 17 14:42:14 2026
Results reported at Sun May 17 14:42:14 2026

Your job looked like:

------------------------------------------------------------
# LSBATCH: User input
#!/bin/bash
#BSUB -q long-gpu
#BSUB -gpu num=1:gmem=8G
#BSUB -J tabicl_q10
#BSUB -o /home/labs/ginossar/talfis/LiveImaging/Forecast/allwindows_h010_quantiles.log
#BSUB -e /home/labs/ginossar/talfis/LiveImaging/Forecast/allwindows_h010_quantiles.err
#BSUB -n 4

PYTHON=/home/labs/ginossar/talfis/envs/tabicl_forecast/bin/python3.12
SCRIPT=/home/labs/ginossar/talfis/LiveImaging/Forecast/07_run_forecaster_allwindows_h010_quantiles.py

echo "Job started: $(date)"
echo "Host: $(hostname)"
echo "GPU: $(nvidia-smi --query-gpu=name --format=csv,noheader 2>/dev/null || echo 'unknown')"
$PYTHON $SCRIPT
echo "Job finished: $(date)"

------------------------------------------------------------

TERM_OWNER: job killed by owner.
Exited with exit code 130.

Resource usage summary:

    CPU time :                                   1.98 sec.
    Max Memory :                                 24 MB
    Average Memory :                             16.67 MB
    Total Requested Memory :                     -
    Delta Memory :                               -
    Max Swap :                                   -
    Max Processes :                              5
    Max Threads :                                6
    Run time :                                   15 sec.
    Turnaround time :                            11 sec.

The output (if any) is above this job summary.



PS:

Read file </home/labs/ginossar/talfis/LiveImaging/Forecast/allwindows_h010_quantiles.err> for stderr output of this job.

