Job started: Thu May 14 02:37:25 PM IDT 2026
Host: hgn30.wexac.weizmann.ac.il
GPU: NVIDIA A40
Loading tensors ...
  497 cells, tensor shape (497, 275, 9)
  Test cells: 125

Building windows (all, no onset filter) ...
  Total windows: 6,889
    early   : 854
    medium  : 3,101
    late    : 2,934

Building context_df ...
  context_df shape: (110224, 12)
Saved tabicl_forecaster_allwindows.pkl
Running predict_df(prediction_length=10) ...
Job started: Thu May 14 05:05:41 PM IDT 2026
Host: hgn14.wexac.weizmann.ac.il
GPU: NVIDIA A40
NVIDIA A40
Loading tensors ...
  497 cells, tensor shape (497, 275, 9)
  Test cells: 125

Building windows (all, no onset filter) ...
  Total windows: 6,889
    early   : 854
    medium  : 3,101
    late    : 2,934

Building context_df ...
  context_df shape: (110224, 12)
Saved tabicl_forecaster_allwindows.pkl
Running predict_df(prediction_length=10) ...
  Predictions shape: (68890, 10)
Saved trajectories_allwindows_h010.npz
Saved predictions_allwindows_h010.csv (6,889 rows)

=== Evaluation ===
Overall  MAE=0.3147  RMSE=1.2357  naive_MAE=0.2943  skill=-0.069
  early     n= 854  MAE=0.5622  RMSE=1.9125  naive_MAE=0.5160  skill=-0.089
  medium    n=3,101  MAE=0.3657  RMSE=1.3847  naive_MAE=0.3417  skill=-0.070
  late      n=2,934  MAE=0.1887  RMSE=0.7027  naive_MAE=0.1798  skill=-0.050
Saved eval_allwindows_h010.csv

Generating PDF of 100 random windows ...
  Page 1/5 done
  Page 2/5 done
  Page 3/5 done
  Page 4/5 done
  Page 5/5 done
Saved /home/labs/ginossar/talfis/LiveImaging/Forecast/windows_allwindows_h010_100examples.pdf

All done.
Job finished: Thu May 14 06:28:46 PM IDT 2026

------------------------------------------------------------
Sender: LSF System <DoNotReply>
Subject: Job 234025: <tabicl_allwin> in cluster <wexac> Done

Job <tabicl_allwin> was submitted from host <login4> by user <talfis> in cluster <wexac> at Thu May 14 14:32:02 2026
Job was executed on host(s) <2*hgn14>, in queue <long-gpu>, as user <talfis> in cluster <wexac> at Thu May 14 17:05:27 2026
                            <1*dgn06>
                            <1*dgn07>
</home/labs/ginossar/talfis> was used as the home directory.
</home/labs/ginossar/talfis/LiveImaging/Forecast> was used as the working directory.
Started at Thu May 14 17:05:27 2026
Terminated at Thu May 14 18:28:46 2026
Results reported at Thu May 14 18:28:46 2026

Your job looked like:

------------------------------------------------------------
# LSBATCH: User input
#!/bin/bash
#BSUB -q long-gpu
#BSUB -gpu num=1:gmem=8G
#BSUB -J tabicl_allwin
#BSUB -o /home/labs/ginossar/talfis/LiveImaging/Forecast/forecast_allwindows_h010.log
#BSUB -e /home/labs/ginossar/talfis/LiveImaging/Forecast/forecast_allwindows_h010.err
#BSUB -n 4

PYTHON=/home/labs/ginossar/talfis/envs/tabicl_forecast/bin/python3.12
SCRIPT=/home/labs/ginossar/talfis/LiveImaging/Forecast/04_run_forecaster_allwindows_h010.py

echo "Job started: $(date)"
echo "Host: $(hostname)"
echo "GPU: $(nvidia-smi --query-gpu=name --format=csv,noheader 2>/dev/null || echo 'unknown')"

$PYTHON $SCRIPT

echo "Job finished: $(date)"

------------------------------------------------------------

Successfully completed.

Resource usage summary:

    CPU time :                                   18279.32 sec.
    Max Memory :                                 5685 MB
    Average Memory :                             5409.68 MB
    Total Requested Memory :                     -
    Delta Memory :                               -
    Max Swap :                                   -
    Max Processes :                              15
    Max Threads :                                22
    Run time :                                   4998 sec.
    Turnaround time :                            14204 sec.

The output (if any) is above this job summary.



PS:

Read file </home/labs/ginossar/talfis/LiveImaging/Forecast/forecast_allwindows_h010.err> for stderr output of this job.

