Job started: Mon May 11 12:17:01 PM IDT 2026
Host: hgn43.wexac.weizmann.ac.il
GPU: NVIDIA A40
Loading tensors ...
  497 cells, tensor shape (497, 275, 9)
Loading frame timing ...
  Train cells: 372, Test cells: 125
Calibrating mCherry threshold ...
  mCherry red threshold: 2.302

Building test windows for H=200 (3000 min = 50 h) ...
  Qualifying windows: 41
  context_df shape: (656, 12)
  Running TabICLForecaster.predict_df(prediction_length=200) ...
  Predictions shape: (8200, 10)
  Saved predictions_h200.csv (41 rows)
  Overall  MAE=481.9 min  RMSE=1055.3 min
    late      n=  41  MAE=481.9  RMSE=1055.3 min
  Updated eval_summary.csv
  Saved forecast_scatter_h200.png
All done.
Job finished: Mon May 11 12:19:37 PM IDT 2026

------------------------------------------------------------
Sender: LSF System <DoNotReply>
Subject: Job 683655: <tabicl_h200> in cluster <wexac> Done

Job <tabicl_h200> was submitted from host <login4> by user <talfis> in cluster <wexac> at Mon May 11 12:16:44 2026
Job was executed on host(s) <1*hgn43>, in queue <long-gpu>, as user <talfis> in cluster <wexac> at Mon May 11 12:16:54 2026
                            <2*hgn42>
                            <1*hgn51>
</home/labs/ginossar/talfis> was used as the home directory.
</home/labs/ginossar/talfis/LiveImaging/Forecast> was used as the working directory.
Started at Mon May 11 12:16:54 2026
Terminated at Mon May 11 12:19:38 2026
Results reported at Mon May 11 12:19:38 2026

Your job looked like:

------------------------------------------------------------
# LSBATCH: User input
#!/bin/bash
#BSUB -q long-gpu
#BSUB -gpu num=1:gmem=8G
#BSUB -J tabicl_h200
#BSUB -o /home/labs/ginossar/talfis/LiveImaging/Forecast/forecast_h200.log
#BSUB -e /home/labs/ginossar/talfis/LiveImaging/Forecast/forecast_h200.err
#BSUB -n 4

PYTHON=/home/labs/ginossar/talfis/envs/tabicl_forecast/bin/python3.12
SCRIPT=/home/labs/ginossar/talfis/LiveImaging/Forecast/03_run_forecaster_h200.py

echo "Job started: $(date)"
echo "Host: $(hostname)"
echo "GPU: $(nvidia-smi --query-gpu=name --format=csv,noheader 2>/dev/null || echo 'unknown')"

$PYTHON $SCRIPT

echo "Job finished: $(date)"

------------------------------------------------------------

Successfully completed.

Resource usage summary:

    CPU time :                                   152.48 sec.
    Max Memory :                                 5647 MB
    Average Memory :                             4267.79 MB
    Total Requested Memory :                     -
    Delta Memory :                               -
    Max Swap :                                   -
    Max Processes :                              15
    Max Threads :                                19
    Run time :                                   163 sec.
    Turnaround time :                            174 sec.

The output (if any) is above this job summary.



PS:

Read file </home/labs/ginossar/talfis/LiveImaging/Forecast/forecast_h200.err> for stderr output of this job.

