Job started: Sun May 17 01:59:31 PM IDT 2026
Host: dgn07.wexac.weizmann.ac.il
GPU: NVIDIA A40
Loading tensors ...
  497 cells, tensor shape (497, 275, 9)
  Test cells: 125  Train cells: 372
  Global mean mCherry (train): 1.9827

Building windows (remaining_min > -150) ...
  Total windows: 4,732
    early   : 217
    medium  : 1,952
    late    : 2,563

Building context_df (no mCherry history) ...
  context_df shape: (75712, 12)
Saved tabicl_forecaster_nomcherry_h010.pkl
Running predict_df(prediction_length=10) ...
  Predictions shape: (47320, 10)
Saved trajectories_nomcherry_h010.npz
Saved predictions_nomcherry_h010.csv (4,732 rows)

=== Evaluation ===
Overall  MAE=0.3242  RMSE=0.5202  naive_MAE=0.1401  skill=-1.315
  early     n= 217  MAE=0.4250  RMSE=0.5244  naive_MAE=0.2234  skill=-0.902
  medium    n=1,952  MAE=0.3353  RMSE=0.4466  naive_MAE=0.1573  skill=-1.131
  late      n=2,563  MAE=0.3072  RMSE=0.5696  naive_MAE=0.1198  skill=-1.563
Saved eval_nomcherry_h010.csv

=== Onset detection (threshold=2.302) ===
  Crossing windows:        1,255
  Non-crossing pre-onset:  3,473
  Sensitivity: 0.000  Specificity: 1.000
Job finished: Sun May 17 03:13:20 PM IDT 2026

------------------------------------------------------------
Sender: LSF System <DoNotReply>
Subject: Job 571940: <tabicl_nomc> in cluster <wexac> Done

Job <tabicl_nomc> was submitted from host <login4> by user <talfis> in cluster <wexac> at Sun May 17 13:59:23 2026
Job was executed on host(s) <1*dgn07>, in queue <long-gpu>, as user <talfis> in cluster <wexac> at Sun May 17 13:59:25 2026
                            <3*hgn42>
</home/labs/ginossar/talfis> was used as the home directory.
</home/labs/ginossar/talfis/LiveImaging/Forecast> was used as the working directory.
Started at Sun May 17 13:59:25 2026
Terminated at Sun May 17 15:13:20 2026
Results reported at Sun May 17 15:13:20 2026

Your job looked like:

------------------------------------------------------------
# LSBATCH: User input
#!/bin/bash
#BSUB -q long-gpu
#BSUB -gpu num=1:gmem=8G
#BSUB -J tabicl_nomc
#BSUB -o /home/labs/ginossar/talfis/LiveImaging/Forecast/nomcherry_h010.log
#BSUB -e /home/labs/ginossar/talfis/LiveImaging/Forecast/nomcherry_h010.err
#BSUB -n 4

PYTHON=/home/labs/ginossar/talfis/envs/tabicl_forecast/bin/python3.12
SCRIPT=/home/labs/ginossar/talfis/LiveImaging/Forecast/06_run_forecaster_nocmherry_h010.py

echo "Job started: $(date)"
echo "Host: $(hostname)"
echo "GPU: $(nvidia-smi --query-gpu=name --format=csv,noheader 2>/dev/null || echo 'unknown')"

$PYTHON $SCRIPT

echo "Job finished: $(date)"

------------------------------------------------------------

Successfully completed.

Resource usage summary:

    CPU time :                                   4409.54 sec.
    Max Memory :                                 5351 MB
    Average Memory :                             5090.78 MB
    Total Requested Memory :                     -
    Delta Memory :                               -
    Max Swap :                                   -
    Max Processes :                              15
    Max Threads :                                19
    Run time :                                   4441 sec.
    Turnaround time :                            4437 sec.

The output (if any) is above this job summary.



PS:

Read file </home/labs/ginossar/talfis/LiveImaging/Forecast/nomcherry_h010.err> for stderr output of this job.

