Job started: Sun May 17 10:59:12 AM IDT 2026
Host: dgn07.wexac.weizmann.ac.il
GPU: NVIDIA A40
Loading tensors ...
  497 cells, tensor shape (497, 275, 9)
  Test cells: 125

Building windows ...
  Total windows: 6,889
    early   : 854
    medium  : 3,101
    late    : 2,934

Building context_df ...
  context_df shape: (110224, 12)
Saved tabicl_forecaster_normalized_h010.pkl
Running predict_df(prediction_length=10) ...
  Predictions shape: (68890, 10)
Saved trajectories_normalized_h010.npz
Saved predictions_normalized_h010.csv (6,889 rows)

=== Evaluation ===
Overall  MAE=0.3147  RMSE=1.2357  naive_MAE=0.2943  skill=-0.069
  early     n= 854  MAE=0.5622  RMSE=1.9125  naive_MAE=0.5160  skill=-0.089
  medium    n=3,101  MAE=0.3657  RMSE=1.3847  naive_MAE=0.3417  skill=-0.070
  late      n=2,934  MAE=0.1887  RMSE=0.7027  naive_MAE=0.1798  skill=-0.050
Saved eval_normalized_h010.csv

Generating PDF ...
  Page 1/5 done
  Page 2/5 done
  Page 3/5 done
  Page 4/5 done
  Page 5/5 done
Saved /home/labs/ginossar/talfis/LiveImaging/Forecast/windows_normalized_h010_100examples.pdf

All done.
Job finished: Sun May 17 12:48:11 PM IDT 2026

------------------------------------------------------------
Sender: LSF System <DoNotReply>
Subject: Job 568386: <tabicl_norm10> in cluster <wexac> Done

Job <tabicl_norm10> was submitted from host <login4> by user <talfis> in cluster <wexac> at Sun May 17 10:59:04 2026
Job was executed on host(s) <1*dgn07>, in queue <long-gpu>, as user <talfis> in cluster <wexac> at Sun May 17 10:59:06 2026
                            <3*hgn42>
</home/labs/ginossar/talfis> was used as the home directory.
</home/labs/ginossar/talfis/LiveImaging/Forecast> was used as the working directory.
Started at Sun May 17 10:59:06 2026
Terminated at Sun May 17 12:48:11 2026
Results reported at Sun May 17 12:48:11 2026

Your job looked like:

------------------------------------------------------------
# LSBATCH: User input
#!/bin/bash
#BSUB -q long-gpu
#BSUB -gpu num=1:gmem=8G
#BSUB -J tabicl_norm10
#BSUB -o /home/labs/ginossar/talfis/LiveImaging/Forecast/normalized_h010.log
#BSUB -e /home/labs/ginossar/talfis/LiveImaging/Forecast/normalized_h010.err
#BSUB -n 4

PYTHON=/home/labs/ginossar/talfis/envs/tabicl_forecast/bin/python3.12
SCRIPT=/home/labs/ginossar/talfis/LiveImaging/Forecast/05_run_forecaster_normalized_h010.py

echo "Job started: $(date)"
echo "Host: $(hostname)"
echo "GPU: $(nvidia-smi --query-gpu=name --format=csv,noheader 2>/dev/null || echo 'unknown')"

$PYTHON $SCRIPT

echo "Job finished: $(date)"

------------------------------------------------------------

Successfully completed.

Resource usage summary:

    CPU time :                                   6473.16 sec.
    Max Memory :                                 6070 MB
    Average Memory :                             5872.07 MB
    Total Requested Memory :                     -
    Delta Memory :                               -
    Max Swap :                                   -
    Max Processes :                              15
    Max Threads :                                19
    Run time :                                   6547 sec.
    Turnaround time :                            6547 sec.

The output (if any) is above this job summary.



PS:

Read file </home/labs/ginossar/talfis/LiveImaging/Forecast/normalized_h010.err> for stderr output of this job.

